
Freescale HC12-Assembler 
(c) Copyright Freescale 1987-2010

 Abs. Rel.   Loc    Obj. code   Source line
 ---- ----   ------ ---------   -----------
    1    1                      ;*****************************************************************
    2    2                      ;* This stationery serves as the framework for a                 *
    3    3                      ;* user application (single file, absolute assembly application) *
    4    4                      ;* For a more comprehensive program that                         *
    5    5                      ;* demonstrates the more advanced functionality of this          *
    6    6                      ;* processor, please see the demonstration applications          *
    7    7                      ;* located in the examples subdirectory of the                   *
    8    8                      ;* Freescale CodeWarrior for the HC12 Program directory          *
    9    9                      ;*****************************************************************
   10   10                      
   11   11                      ; export symbols
   12   12                                  XDEF Entry, _Startup            ; export 'Entry' symbol
   13   13                                  ABSENTRY Entry        ; for absolute assembly: mark this as application entry point
   14   14                      
   15   15                      
   16   16                      
   17   17                      ; Include derivative-specific definitions 
   18   18                      ;		INCLUDE 'derivative.inc' 
   19   19                      
   20   20          0000 0800   RAMStart    EQU  $0800
   21   21          0000 4000   ROMStart    EQU  $4000  ; absolute address to place my code/constant data
   22   22                      
   23   23                      ; variable/data section
   24   24                      
   25   25                                  ORG RAMStart
   26   26                      
   27   27                      ; code section
   28   28                                  
   29   29                      
   30   30  a000800 0800 30A0   samples      DC.B $08,$00,$30,$A0,$B0,$C0
             000804 B0C0       
   31   31  a000806             tsum         DS.B 1
   32   32                         
   33   33                      
   34   34                      
   35   35                      ; code section
   36   36                                  ORG   ROMStart
   37   37                      
   38   38                      Entry:
   39   39                      _Startup:            
   40   40                                  
   41   41  a004000 B608 00                ldaa $0800 ;a = 10
   42   42  a004003 BB08 01                adda $0801 ;a + 801 = 30
   43   43  a004006 8600                   ldaa #0    ; clears a
   44   44                                 
   45   45  a004008 CE08 00                ldx #samples; x =800
   46   46  a00400B A600                   ldaa 0,x   ; a = 10
   47   47  a00400D AB20                   adda 1,+x  ; a = 800 + 801=30  (x=801)
   48   48  a00400F C601                   ldab #$1    ; b = 1
   49   49  a004011 ABE5                   adda b,x   ; x + b = 802, a = 30 + 30 = 60
   50   50                                 
   51   51  a004013 AB21                   adda 2,+x  ; x = $803, $60 + $A0 = $100   
   52   52  a004015 AB20                   adda 1,+x  ; x = $804, a = $100 + $B0 = $1B0
   53   53  a004017 AB20                   adda 1,+x  ; x = $805, a = 1B0 + C0 = $270
   54   54                                 
   55   55  a004019 7A08 06                staa tsum  ; stores content of a into tsum
   56   56                                 
   57   57                                 
   58   58  a00401C CE08 00                ldx #$0800
   59   59  a00401F B608 00                ldaa $0800
   60   60  a004022 F608 01                ldab $0801
   61   61  a004025 EEE3 0000              ldx [0,x]   ;contents in 800 and 801  
   62   62                                 
   63   63  a004029 CC00 00                ldd  #0

Freescale HC12-Assembler 
(c) Copyright Freescale 1987-2010

 Abs. Rel.   Loc    Obj. code   Source line
 ---- ----   ------ ---------   -----------
   64   64  a00402C CE00 00                ldx  #0
   65   65  a00402F CD00 00                ldy  #0
   66   66                                 
   67   67  a004032 CE08 00                ldx #$0800
   68   68  a004035 86FF                   ldaa #$FF
   69   69  a004037 8100                   cmpa #$00
   70   70  a004039 2202                   bhi larger
   71   71  a00403B 8643                   ldaa #$43
   72   72                                 
   73   73  a00403D 8669        larger:    ldaa #$69
   74   74  a00403F 2002                   bra done
   75   75  a004041 8643                   ldaa #$43
   76   76                                 
   77   77  a004043 C601        done:      ldab #$01
   78   78  a004045 8600                   ldaa #$00
   79   79  a004047 B781                   exg  a,b
   80   80  a004049 42                     inca
   81   81  a00404A 180C 0800              movb $800,$801
             00404E 0801       
   82   82                                 
   83   83                                 
   84   84                                  
   85   85                                 
   86   86                                 
   87   87                                 
   88   88                                 
   89   89                                 
   90   90                                 
   91   91                                 
   92   92                                  
   93   93  a004050 3D                     RTS                   ; result in D
   94   94                      
   95   95                      ;**************************************************************
   96   96                      ;*                 Interrupt Vectors                          *
   97   97                      ;**************************************************************
   98   98                                  ORG   $FFFE
   99   99  a00FFFE 4000                    DC.W  Entry           ; Reset Vector
