
Freescale HC12-Assembler 
(c) Copyright Freescale 1987-2010

 Abs. Rel.   Loc    Obj. code   Source line
 ---- ----   ------ ---------   -----------
    1    1                      ;*****************************************************************
    2    2                      ;* This stationery serves as the framework for a                 *
    3    3                      ;* user application (single file, absolute assembly application) *
    4    4                      ;* For a more comprehensive program that                         *
    5    5                      ;* demonstrates the more advanced functionality of this          *
    6    6                      ;* processor, please see the demonstration applications          *
    7    7                      ;* located in the examples subdirectory of the                   *
    8    8                      ;* Freescale CodeWarrior for the HC12 Program directory          *
    9    9                      ;*****************************************************************
   10   10                      
   11   11                      ; export symbols
   12   12                                  XDEF Entry, _Startup            ; export 'Entry' symbol
   13   13                                  ABSENTRY Entry        ; for absolute assembly: mark this as application entry point
   14   14                      
   15   15                      
   16   16                      
   17   17                      ; Include derivative-specific definitions 
   18   18                      		;INCLUDE 'derivative.inc' 
   19   19                      
   20   20          0000 0900   RAMStart    EQU  $0900
   21   21                      
   22   22          0000 4000   ROMStart    EQU  $4000  ; absolute address to place my code/constant data
   23   23                      
   24   24                      ; variable/data section
   25   25                      
   26   26                                  ORG RAMStart
   27   27                               
   28   28                       ; Insert here your data definition.
   29   29                      
   30   30  a000900             va          DS.B 3
   31   31                      
   32   32  a000903             vb          DS.B 5
   33   33                      
   34   34  a000908             vc          DS.W 4
   35   35                      
   36   36  a000910 0A10 0B42   vd          DC.B $A,$10,$B,"B"
   37   37                      
   38   38  a000914 0003 0010   ve          DC.W $03,$10,$900,$910,"1"   
             000918 0900 0910  
             00091C 0031       
   39   39                      
   40   40                      
   41   41                      ; code section
   42   42                                  ORG   ROMStart
   43   43                      
   44   44                      
   45   45                      Entry:
   46   46                      _Startup:
   47   47                      
   48   48                      
   49   49                                  
   50   50                      mainLoop:
   51   51                                  
   52   52  a004000 8612                    ldaa  #$12
   53   53                                  
   54   54  a004002 7A09 00                 staa  va
   55   55                                  
   56   56  a004005 FE09 14                 ldx   $914
   57   57                                  
   58   58  a004008 CE09 14                 ldx   #$914
   59   59                                  
   60   60  a00400B A61F                    ldaa  -1,x
   61   61                                  
   62   62  a00400D 6A14                    staa  -12,x

Freescale HC12-Assembler 
(c) Copyright Freescale 1987-2010

 Abs. Rel.   Loc    Obj. code   Source line
 ---- ----   ------ ---------   -----------
   63   63                                  
   64   64  a00400F E620                    ldab  1,+x
   65   65                                  
   66   66  a004011 EDE5                    ldy   b,x
   67   67                                  
   68   68  a004013 6BED                    stab  b,y
   69   69                                  
   70   70  a004015 6AE3 0003               staa  [3,x]
   71   71                                  
   72   72  a004019 CC00 05                 ldd   #5
   73   73                                  
   74   74  a00401C 6AE7                    staa  [d,x]
   75   75                                  
   76   76  a00401E CE09 10                 ldx   #vd
   77   77                                  
   78   78  a004021 A631                    ldaa  2,x+
   79   79                                  
   80   80  a004023 A632                    ldaa  3,x+
   81   81                                  
   82   82  a004025 6A2F                    staa  1,-x
   83   83                                  
   84   84  a004027 3D                      rts
   85   85                      
   86   86                      couterLoop:
   87   87                      
   88   88                                  
   89   89                      
   90   90                      
   91   91                      
   92   92                      ;**************************************************************
   93   93                      ;*                 Interrupt Vectors                          *
   94   94                      ;**************************************************************
   95   95                                  ORG   $FFFE
   96   96  a00FFFE 4000                    DC.W  Entry           ; Reset Vector
